<?xml version="1.0" encoding="UTF-8"?>
<!-- Generated by org.testng.reporters.JUnitReportReporter -->
<testsuite hostname="LAPTOP-III13UDA" failures="0" tests="2" name="com.bdd.runner.TestRunnerTestNg" time="0.308" errors="0" timestamp="2023-06-18T22:39:34 IST" skipped="0">
  <testcase classname="com.bdd.runner.TestRunnerTestNg" name="scenario" time="0.271"/>
  <system-out/>
  <testcase classname="com.bdd.runner.TestRunnerTestNg" name="scenario" time="0.037"/>
  <system-out/>
</testsuite> <!-- com.bdd.runner.TestRunnerTestNg -->
